2021-06-24T19:43:27+00:00 CRITICAL Uncaught ArgumentCountError: Too few arguments to function add_shortcode(), 1 passed in /var/www/html/beauty.loc/wp-content/themes/beautysalon/inc/classes/ThemeHeader.class.php on line 40 and exactly 2 expected in /var/www/html/beauty.loc/wp-includes/shortcodes.php:63
Stack trace:
#0 /var/www/html/beauty.loc/wp-content/themes/beautysalon/inc/classes/ThemeHeader.class.php(40): add_shortcode('<?php do_shortc...')
#1 /var/www/html/beauty.loc/wp-content/themes/beautysalon/header.php(33): ThemeHeader->get_cart_icons()
#2 /var/www/html/beauty.loc/wp-includes/template.php(730): require_once('/var/www/html/b...')
#3 /var/www/html/beauty.loc/wp-includes/template.php(676): load_template('/var/www/html/b...', true, Array)
#4 /var/www/html/beauty.loc/wp-includes/general-template.php(48): locate_template(Array, true, true, Array)
#5 /var/www/html/beauty.loc/wp-content/themes/beautysalon/404.php(1): get_header()
#6 /var/www/html/beauty.loc/wp-includes/template-loader.php(106): include('/var/www/html/b...')
#7 /var/www/html in /var/www/html/beauty.loc/wp-includes/shortcodes.php on line 63

2021-06-24T19:43:34+00:00 CRITICAL Uncaught ArgumentCountError: Too few arguments to function add_shortcode(), 1 passed in /var/www/html/beauty.loc/wp-content/themes/beautysalon/inc/classes/ThemeHeader.class.php on line 40 and exactly 2 expected in /var/www/html/beauty.loc/wp-includes/shortcodes.php:63
Stack trace:
#0 /var/www/html/beauty.loc/wp-content/themes/beautysalon/inc/classes/ThemeHeader.class.php(40): add_shortcode('<?php do_shortc...')
#1 /var/www/html/beauty.loc/wp-content/themes/beautysalon/header.php(33): ThemeHeader->get_cart_icons()
#2 /var/www/html/beauty.loc/wp-includes/template.php(730): require_once('/var/www/html/b...')
#3 /var/www/html/beauty.loc/wp-includes/template.php(676): load_template('/var/www/html/b...', true, Array)
#4 /var/www/html/beauty.loc/wp-includes/general-template.php(48): locate_template(Array, true, true, Array)
#5 /var/www/html/beauty.loc/wp-content/themes/beautysalon/404.php(1): get_header()
#6 /var/www/html/beauty.loc/wp-includes/template-loader.php(106): include('/var/www/html/b...')
#7 /var/www/html in /var/www/html/beauty.loc/wp-includes/shortcodes.php on line 63

2021-06-24T19:43:57+00:00 CRITICAL Uncaught ArgumentCountError: Too few arguments to function add_shortcode(), 1 passed in /var/www/html/beauty.loc/wp-content/themes/beautysalon/inc/classes/ThemeHeader.class.php on line 40 and exactly 2 expected in /var/www/html/beauty.loc/wp-includes/shortcodes.php:63
Stack trace:
#0 /var/www/html/beauty.loc/wp-content/themes/beautysalon/inc/classes/ThemeHeader.class.php(40): add_shortcode('<?php do_shortc...')
#1 /var/www/html/beauty.loc/wp-content/themes/beautysalon/header.php(33): ThemeHeader->get_cart_icons()
#2 /var/www/html/beauty.loc/wp-includes/template.php(730): require_once('/var/www/html/b...')
#3 /var/www/html/beauty.loc/wp-includes/template.php(676): load_template('/var/www/html/b...', true, Array)
#4 /var/www/html/beauty.loc/wp-includes/general-template.php(48): locate_template(Array, true, true, Array)
#5 /var/www/html/beauty.loc/wp-content/themes/beautysalon/404.php(1): get_header()
#6 /var/www/html/beauty.loc/wp-includes/template-loader.php(106): include('/var/www/html/b...')
#7 /var/www/html in /var/www/html/beauty.loc/wp-includes/shortcodes.php on line 63

2021-06-24T19:44:19+00:00 CRITICAL Uncaught ArgumentCountError: Too few arguments to function add_shortcode(), 1 passed in /var/www/html/beauty.loc/wp-content/themes/beautysalon/inc/classes/ThemeHeader.class.php on line 40 and exactly 2 expected in /var/www/html/beauty.loc/wp-includes/shortcodes.php:63
Stack trace:
#0 /var/www/html/beauty.loc/wp-content/themes/beautysalon/inc/classes/ThemeHeader.class.php(40): add_shortcode('<?php do_shortc...')
#1 /var/www/html/beauty.loc/wp-content/themes/beautysalon/header.php(33): ThemeHeader->get_cart_icons()
#2 /var/www/html/beauty.loc/wp-includes/template.php(730): require_once('/var/www/html/b...')
#3 /var/www/html/beauty.loc/wp-includes/template.php(676): load_template('/var/www/html/b...', true, Array)
#4 /var/www/html/beauty.loc/wp-includes/general-template.php(48): locate_template(Array, true, true, Array)
#5 /var/www/html/beauty.loc/wp-content/themes/beautysalon/404.php(1): get_header()
#6 /var/www/html/beauty.loc/wp-includes/template-loader.php(106): include('/var/www/html/b...')
#7 /var/www/html in /var/www/html/beauty.loc/wp-includes/shortcodes.php on line 63

2021-06-24T20:16:15+00:00 CRITICAL Uncaught ArgumentCountError: Too few arguments to function add_shortcode(), 1 passed in /var/www/html/beauty.loc/wp-content/themes/beautysalon/inc/classes/ThemeHeader.class.php on line 42 and exactly 2 expected in /var/www/html/beauty.loc/wp-includes/shortcodes.php:63
Stack trace:
#0 /var/www/html/beauty.loc/wp-content/themes/beautysalon/inc/classes/ThemeHeader.class.php(42): add_shortcode('yith_compare_bu...')
#1 /var/www/html/beauty.loc/wp-content/themes/beautysalon/header.php(33): ThemeHeader->get_cart_icons()
#2 /var/www/html/beauty.loc/wp-includes/template.php(730): require_once('/var/www/html/b...')
#3 /var/www/html/beauty.loc/wp-includes/template.php(676): load_template('/var/www/html/b...', true, Array)
#4 /var/www/html/beauty.loc/wp-includes/general-template.php(48): locate_template(Array, true, true, Array)
#5 /var/www/html/beauty.loc/wp-content/themes/beautysalon/woocommerce.php(4): get_header()
#6 /var/www/html/beauty.loc/wp-includes/template-loader.php(106): include('/var/www/html/b...')
#7 /var/ in /var/www/html/beauty.loc/wp-includes/shortcodes.php on line 63

